0 info it worked if it ends with ok
1 verbose cli [ '/home/tylor/.nvm/versions/node/v4.1.0/bin/node',
1 verbose cli   '/home/tylor/.nvm/versions/node/v4.1.0/bin/npm',
1 verbose cli   'publish' ]
2 info using npm@2.14.5
3 info using node@v4.1.0
4 verbose publish [ '.' ]
5 verbose stack Error: Invalid version: "1.0"
5 verbose stack     at Object.module.exports.fixVersionField (/home/tylor/.nvm/versions/node/v4.1.0/lib/node_modules/npm/node_modules/normalize-package-data/lib/fixer.js:186:13)
5 verbose stack     at /home/tylor/.nvm/versions/node/v4.1.0/lib/node_modules/npm/node_modules/normalize-package-data/lib/normalize.js:32:38
5 verbose stack     at Array.forEach (native)
5 verbose stack     at normalize (/home/tylor/.nvm/versions/node/v4.1.0/lib/node_modules/npm/node_modules/normalize-package-data/lib/normalize.js:31:15)
5 verbose stack     at final (/home/tylor/.nvm/versions/node/v4.1.0/lib/node_modules/npm/node_modules/read-package-json/read-json.js:338:5)
5 verbose stack     at then (/home/tylor/.nvm/versions/node/v4.1.0/lib/node_modules/npm/node_modules/read-package-json/read-json.js:113:5)
5 verbose stack     at /home/tylor/.nvm/versions/node/v4.1.0/lib/node_modules/npm/node_modules/read-package-json/read-json.js:300:12
5 verbose stack     at /home/tylor/.nvm/versions/node/v4.1.0/lib/node_modules/npm/node_modules/graceful-fs/graceful-fs.js:76:16
5 verbose stack     at FSReqWrap.readFileAfterClose [as oncomplete] (fs.js:380:3)
6 verbose cwd /home/tylor/code/web/cycle-locally
7 error Linux 3.19.0-29-generic
8 error argv "/home/tylor/.nvm/versions/node/v4.1.0/bin/node" "/home/tylor/.nvm/versions/node/v4.1.0/bin/npm" "publish"
9 error node v4.1.0
10 error npm  v2.14.5
11 error Invalid version: "1.0"
12 error If you need help, you may report this error at:
12 error     <https://github.com/npm/npm/issues>
13 verbose exit [ 1, true ]
